2019-05-07 03:49:25:362 [INFO] MonitorBizTalkHostInstances.ps1 Reading HostInstances...
2019-05-07 03:52:18:551 [INFO] MonitorBizTalkHostInstances.ps1 Reading HostInstances...
2019-05-07 04:29:35:328 [INFO] MonitorBizTalkHostInstances.ps1 Reading HostInstances...
2019-05-07 04:29:35:781 [INFO] MonitorBizTalkHostInstances.ps1 Starting HostInstance BizTalkServerApplication...
2019-05-07 04:29:37:047 [INFO] MonitorBizTalkHostInstances.ps1 Starting HostInstance UNE_NCA_Aprovisionamiento_ProcessHost...
2019-05-07 04:29:38:187 [INFO] MonitorBizTalkHostInstances.ps1 Starting HostInstance UNE_NCA_General_ProcessHost...
2019-05-07 04:29:39:781 [INFO] MonitorBizTalkHostInstances.ps1 Starting HostInstance UNE_NCA_OfertaEconomica_ProcessHost...
2019-05-07 04:29:42:281 [INFO] MonitorBizTalkHostInstances.ps1 Starting HostInstance UNE_NCA_TrabajoDeCampo_ProcessHost...
2019-05-07 04:29:44:781 [INFO] MonitorBizTalkHostInstances.ps1 Starting HostInstance UNE_NCA_General_SendHost...
2019-05-07 04:29:46:750 [INFO] MonitorBizTalkHostInstances.ps1 Starting HostInstance UNE_NCA_OfertaEconomica_SendHost...
2019-05-07 04:29:48:625 [INFO] MonitorBizTalkHostInstances.ps1 Starting HostInstance UNE_NCA_TrabajoDeCampo_SendHost...
2019-05-07 04:29:50:406 [INFO] MonitorBizTalkHostInstances.ps1 Starting HostInstance UNE_NCA_OfertaEconomica_ReceiveHost...
2019-05-07 04:29:52:265 [INFO] MonitorBizTalkHostInstances.ps1 Starting HostInstance UNE_NCA_TrabajoDeCampo_ReceiveHost...
2019-05-07 04:29:53:953 [INFO] MonitorBizTalkHostInstances.ps1 Starting HostInstance UNE_NCA_Aprovisionamiento_ReceiveHost...
2019-05-07 04:29:55:687 [INFO] MonitorBizTalkHostInstances.ps1 Starting HostInstance UNE_NCA_Aprovisionamiento_SendHost...
2019-05-07 04:29:57:328 [INFO] MonitorBizTalkHostInstances.ps1 Starting HostInstance UNE_NCA_Aseguramiento_ReceiveHost...
2019-05-07 04:29:58:984 [INFO] MonitorBizTalkHostInstances.ps1 Starting HostInstance UNE_NCA_Aseguramiento_SendHost...
2019-05-07 04:30:00:890 [INFO] MonitorBizTalkHostInstances.ps1 Starting HostInstance UNE_RNGD_Aseguramiento_ReceiveHost_OSM...
2019-05-07 04:30:02:875 [INFO] MonitorBizTalkHostInstances.ps1 Starting HostInstance UNE_SWITCH_Inventario_ProcessHost...
2019-05-07 04:30:04:562 [INFO] MonitorBizTalkHostInstances.ps1 Starting HostInstance UNE_SWITCH_Inventario_SendHost...
2019-05-07 04:30:06:328 [INFO] MonitorBizTalkHostInstances.ps1 Starting HostInstance UNE_Integracion_CRM_ProcessHost...
2019-05-07 04:30:08:062 [INFO] MonitorBizTalkHostInstances.ps1 Starting HostInstance UNE_RNGD_Aseguramiento_ProcessHost...
2019-05-07 04:30:09:937 [INFO] MonitorBizTalkHostInstances.ps1 Starting HostInstance UNE_RNGD_Aseguramiento_ReceiveHost...
2019-05-07 04:30:11:812 [INFO] MonitorBizTalkHostInstances.ps1 Starting HostInstance UNE_RNGD_Aseguramiento_SendHost...
2019-05-07 04:30:13:875 [INFO] MonitorBizTalkHostInstances.ps1 Starting HostInstance UNE_VTS_General_ProcessHost...
2019-05-07 04:30:15:922 [INFO] MonitorBizTalkHostInstances.ps1 Starting HostInstance UNE_VTS_TrabajoDeCampo_SendHost...
2019-05-07 04:30:17:781 [INFO] MonitorBizTalkHostInstances.ps1 Starting HostInstance UNE_VTS_TrabajoDeCampo_ProcessHost...
2019-05-07 04:30:19:656 [INFO] MonitorBizTalkHostInstances.ps1 Starting HostInstance UNE_VTS_GestionDeDirecciones_SendHost...
2019-05-07 04:30:21:609 [INFO] MonitorBizTalkHostInstances.ps1 Starting HostInstance UNE_VTS_Prospeccion_SendHost...
2019-05-07 04:30:23:719 [INFO] MonitorBizTalkHostInstances.ps1 Starting HostInstance UNE_SiebelOpen_EnvioPedidoFacturacion_ReceiveHost...
2019-05-07 04:30:25:640 [INFO] MonitorBizTalkHostInstances.ps1 Starting HostInstance UNE_SiebelOpen_EnvioPedidoFacturacion_SendHost...
2019-05-07 04:30:27:703 [INFO] MonitorBizTalkHostInstances.ps1 Starting HostInstance UNE_SiebelOpen_EnvioPedidoFacturacion_ProcessHost...
2019-05-07 04:30:29:578 [INFO] MonitorBizTalkHostInstances.ps1 Starting HostInstance _Receive1_Host1...
2019-05-07 04:30:31:734 [ERROR] MonitorBizTalkHostInstances.ps1 [CreateHTMLFromObject] . The error message was The term 'body' is not recognized as the name of a cmdlet, function, script file, or operable program. Check the spelling of the name, or if a path was included, verify that the path is correct and try again.
2019-05-07 04:30:32:000 [INFO] MonitorBizTalkHostInstances.ps1 Sending email ...
2019-05-07 04:33:38:922 [INFO] MonitorBizTalkHostInstances.ps1 Reading HostInstances...
2019-05-07 04:33:39:234 [INFO] MonitorBizTalkHostInstances.ps1 Starting HostInstance UNE_NCA_TrabajoDeCampo_ProcessHost...
2019-05-07 04:33:40:344 [INFO] MonitorBizTalkHostInstances.ps1 Starting HostInstance UNE_NCA_General_SendHost...
2019-05-07 04:33:41:640 [INFO] MonitorBizTalkHostInstances.ps1 Starting HostInstance UNE_NCA_OfertaEconomica_SendHost...
2019-05-07 04:33:42:859 [INFO] MonitorBizTalkHostInstances.ps1 Starting HostInstance UNE_NCA_TrabajoDeCampo_SendHost...
2019-05-07 04:33:44:094 [INFO] MonitorBizTalkHostInstances.ps1 Starting HostInstance UNE_NCA_OfertaEconomica_ReceiveHost...
2019-05-07 04:33:45:437 [INFO] MonitorBizTalkHostInstances.ps1 Starting HostInstance UNE_NCA_Aseguramiento_SendHost...
2019-05-07 04:33:46:875 [INFO] MonitorBizTalkHostInstances.ps1 Sending email ...
2019-05-07 04:37:32:547 [INFO] MonitorBizTalkHostInstances.ps1 Reading HostInstances...
2019-05-07 04:37:32:812 [INFO] MonitorBizTalkHostInstances.ps1 Starting HostInstance UNE_NCA_Aprovisionamiento_ReceiveHost...
2019-05-07 04:37:33:969 [INFO] MonitorBizTalkHostInstances.ps1 Starting HostInstance UNE_NCA_Aprovisionamiento_SendHost...
2019-05-07 04:37:35:344 [INFO] MonitorBizTalkHostInstances.ps1 Starting HostInstance UNE_NCA_Aseguramiento_ReceiveHost...
2019-05-07 04:37:36:515 [INFO] MonitorBizTalkHostInstances.ps1 Sending email ...
2019-05-07 10:18:55:916 [INFO] MonitorBizTalkHostInstances.ps1 Reading HostInstances...
2019-05-07 10:18:58:213 [INFO] MonitorBizTalkHostInstances.ps1 Starting HostInstance BizTalkServerApplication...
2019-05-07 10:18:59:479 [INFO] MonitorBizTalkHostInstances.ps1 Starting HostInstance UNE_NCA_Aprovisionamiento_ProcessHost...
2019-05-07 10:19:00:869 [INFO] MonitorBizTalkHostInstances.ps1 Starting HostInstance UNE_NCA_General_ProcessHost...
2019-05-07 10:19:02:307 [INFO] MonitorBizTalkHostInstances.ps1 Starting HostInstance UNE_NCA_OfertaEconomica_ProcessHost...
2019-05-07 10:19:04:447 [INFO] MonitorBizTalkHostInstances.ps1 Starting HostInstance UNE_NCA_TrabajoDeCampo_ProcessHost...
2019-05-07 10:19:06:260 [INFO] MonitorBizTalkHostInstances.ps1 Starting HostInstance UNE_NCA_General_SendHost...
2019-05-07 10:19:08:354 [INFO] MonitorBizTalkHostInstances.ps1 Starting HostInstance UNE_NCA_OfertaEconomica_SendHost...
2019-05-07 10:19:10:354 [INFO] MonitorBizTalkHostInstances.ps1 Starting HostInstance UNE_NCA_TrabajoDeCampo_SendHost...
2019-05-07 10:19:12:072 [INFO] MonitorBizTalkHostInstances.ps1 Starting HostInstance UNE_NCA_OfertaEconomica_ReceiveHost...
2019-05-07 10:19:14:026 [INFO] MonitorBizTalkHostInstances.ps1 Starting HostInstance UNE_NCA_TrabajoDeCampo_ReceiveHost...
2019-05-07 10:19:15:479 [INFO] MonitorBizTalkHostInstances.ps1 Starting HostInstance UNE_NCA_Aprovisionamiento_ReceiveHost...
2019-05-07 10:19:17:182 [INFO] MonitorBizTalkHostInstances.ps1 Starting HostInstance UNE_NCA_Aprovisionamiento_SendHost...
2019-05-07 10:19:18:729 [INFO] MonitorBizTalkHostInstances.ps1 Starting HostInstance UNE_NCA_Aseguramiento_ReceiveHost...
2019-05-07 10:19:20:338 [INFO] MonitorBizTalkHostInstances.ps1 Starting HostInstance UNE_NCA_Aseguramiento_SendHost...
2019-05-07 10:19:22:072 [INFO] MonitorBizTalkHostInstances.ps1 Starting HostInstance UNE_RNGD_Aseguramiento_ReceiveHost_OSM...
2019-05-07 10:19:23:807 [INFO] MonitorBizTalkHostInstances.ps1 Starting HostInstance UNE_SWITCH_Inventario_ProcessHost...
2019-05-07 10:19:25:354 [INFO] MonitorBizTalkHostInstances.ps1 Starting HostInstance UNE_SWITCH_Inventario_SendHost...
2019-05-07 10:19:27:166 [INFO] MonitorBizTalkHostInstances.ps1 Starting HostInstance UNE_Integracion_CRM_ProcessHost...
2019-05-07 10:19:28:932 [INFO] MonitorBizTalkHostInstances.ps1 Starting HostInstance UNE_RNGD_Aseguramiento_ProcessHost...
2019-05-07 10:19:30:807 [INFO] MonitorBizTalkHostInstances.ps1 Starting HostInstance UNE_RNGD_Aseguramiento_ReceiveHost...
2019-05-07 10:19:32:572 [INFO] MonitorBizTalkHostInstances.ps1 Starting HostInstance UNE_RNGD_Aseguramiento_SendHost...
2019-05-07 10:19:34:463 [INFO] MonitorBizTalkHostInstances.ps1 Starting HostInstance UNE_VTS_General_ProcessHost...
2019-05-07 10:19:36:026 [INFO] MonitorBizTalkHostInstances.ps1 Starting HostInstance UNE_VTS_TrabajoDeCampo_SendHost...
2019-05-07 10:19:38:026 [INFO] MonitorBizTalkHostInstances.ps1 Starting HostInstance UNE_VTS_TrabajoDeCampo_ProcessHost...
2019-05-07 10:19:39:854 [INFO] MonitorBizTalkHostInstances.ps1 Starting HostInstance UNE_VTS_GestionDeDirecciones_SendHost...
2019-05-07 10:19:41:588 [INFO] MonitorBizTalkHostInstances.ps1 Starting HostInstance UNE_VTS_Prospeccion_SendHost...
2019-05-07 10:19:43:447 [INFO] MonitorBizTalkHostInstances.ps1 Starting HostInstance UNE_SiebelOpen_EnvioPedidoFacturacion_ReceiveHost...
2019-05-07 10:19:45:416 [INFO] MonitorBizTalkHostInstances.ps1 Starting HostInstance UNE_SiebelOpen_EnvioPedidoFacturacion_SendHost...
2019-05-07 10:19:48:963 [INFO] MonitorBizTalkHostInstances.ps1 Starting HostInstance UNE_SiebelOpen_EnvioPedidoFacturacion_ProcessHost...
2019-05-07 10:19:51:229 [INFO] MonitorBizTalkHostInstances.ps1 Starting HostInstance _Receive1_Host1...
2019-05-07 10:19:59:979 [INFO] MonitorBizTalkHostInstances.ps1 Sending email ...
2019-05-07 10:23:55:822 [INFO] MonitorBizTalkHostInstances.ps1 Reading HostInstances...
2019-05-07 10:23:56:213 [INFO] MonitorBizTalkHostInstances.ps1 Starting HostInstance UNE_VTS_TrabajoDeCampo_SendHost...
2019-05-07 10:23:57:307 [INFO] MonitorBizTalkHostInstances.ps1 Starting HostInstance UNE_VTS_TrabajoDeCampo_ProcessHost...
2019-05-07 10:23:58:635 [INFO] MonitorBizTalkHostInstances.ps1 Starting HostInstance UNE_VTS_GestionDeDirecciones_SendHost...
2019-05-07 10:23:59:744 [INFO] MonitorBizTalkHostInstances.ps1 Starting HostInstance UNE_VTS_Prospeccion_SendHost...
2019-05-07 10:24:01:057 [ERROR] MonitorBizTalkHostInstances.ps1 [Main] . The error message was The term 'CreateObjectToHtmlTableEmbebedStyle' is not recognized as the name of a cmdlet, function, script file, or operable program. Check the spelling of the name, or if a path was included, verify that the path is correct and try again.. (.Exception.StackTrace)
2019-05-07 10:24:01:166 [INFO] MonitorBizTalkHostInstances.ps1 Sending email ...
2019-05-07 10:44:45:777 [INFO] MonitorBizTalkHostInstances.ps1 Reading HostInstances...
2019-05-07 10:44:46:027 [INFO] MonitorBizTalkHostInstances.ps1 Starting HostInstance UNE_NCA_OfertaEconomica_SendHost...
2019-05-07 10:44:47:137 [INFO] MonitorBizTalkHostInstances.ps1 Starting HostInstance UNE_NCA_TrabajoDeCampo_SendHost...
2019-05-07 10:44:48:434 [INFO] MonitorBizTalkHostInstances.ps1 Starting HostInstance UNE_NCA_OfertaEconomica_ReceiveHost...
2019-05-07 10:44:49:559 [INFO] MonitorBizTalkHostInstances.ps1 Starting HostInstance UNE_NCA_TrabajoDeCampo_ReceiveHost...
2019-05-07 10:44:55:965 [INFO] MonitorBizTalkHostInstances.ps1 Sending email ...
2019-05-07 11:59:05:242 [INFO] MonitorBizTalkHostInstances.ps1 Reading HostInstances...
2019-05-07 11:59:06:102 [INFO] MonitorBizTalkHostInstances.ps1 Starting HostInstance UNE_NCA_Aprovisionamiento_ProcessHost...
2019-05-07 11:59:07:258 [INFO] MonitorBizTalkHostInstances.ps1 Starting HostInstance UNE_NCA_General_ProcessHost...
2019-05-07 11:59:08:414 [INFO] MonitorBizTalkHostInstances.ps1 Starting HostInstance UNE_NCA_OfertaEconomica_ProcessHost...
2019-05-07 11:59:09:602 [INFO] MonitorBizTalkHostInstances.ps1 Starting HostInstance UNE_NCA_TrabajoDeCampo_ProcessHost...
2019-05-07 11:59:12:086 [INFO] MonitorBizTalkHostInstances.ps1 Starting HostInstance UNE_NCA_Aprovisionamiento_ReceiveHost...
2019-05-07 11:59:13:492 [INFO] MonitorBizTalkHostInstances.ps1 Starting HostInstance UNE_NCA_Aprovisionamiento_SendHost...
2019-05-07 11:59:14:742 [INFO] MonitorBizTalkHostInstances.ps1 Starting HostInstance UNE_NCA_Aseguramiento_ReceiveHost...
2019-05-07 11:59:15:992 [INFO] MonitorBizTalkHostInstances.ps1 Starting HostInstance UNE_NCA_Aseguramiento_SendHost...
2019-05-07 11:59:17:195 [INFO] MonitorBizTalkHostInstances.ps1 Starting HostInstance UNE_RNGD_Aseguramiento_ReceiveHost_OSM...
2019-05-07 11:59:18:508 [INFO] MonitorBizTalkHostInstances.ps1 Sending email ...
2019-05-07 18:27:18:585 [INFO] MonitorBizTalkHostInstances.ps1 Reading HostInstances...
2019-05-07 18:27:18:757 [INFO] MonitorBizTalkHostInstances.ps1 Starting HostInstance UNE_NCA_TrabajoDeCampo_ProcessHost...
2019-05-07 18:27:19:866 [INFO] MonitorBizTalkHostInstances.ps1 Starting HostInstance UNE_NCA_General_SendHost...
2019-05-07 18:27:21:100 [INFO] MonitorBizTalkHostInstances.ps1 Starting HostInstance UNE_NCA_OfertaEconomica_SendHost...
2019-05-07 18:27:22:319 [INFO] MonitorBizTalkHostInstances.ps1 Starting HostInstance UNE_NCA_TrabajoDeCampo_SendHost...
2019-05-07 18:27:23:522 [INFO] MonitorBizTalkHostInstances.ps1 Starting HostInstance UNE_NCA_OfertaEconomica_ReceiveHost...
2019-05-07 18:27:24:850 [INFO] MonitorBizTalkHostInstances.ps1 Sending email ...
2019-05-07 18:40:51:244 [INFO] MonitorBizTalkHostInstances.ps1 Reading HostInstances...
2019-05-07 18:40:51:447 [INFO] MonitorBizTalkHostInstances.ps1 Starting HostInstance UNE_NCA_Aprovisionamiento_ReceiveHost...
2019-05-07 18:40:52:588 [INFO] MonitorBizTalkHostInstances.ps1 Starting HostInstance UNE_NCA_Aprovisionamiento_SendHost...
2019-05-07 18:40:53:760 [INFO] MonitorBizTalkHostInstances.ps1 Starting HostInstance UNE_NCA_Aseguramiento_ReceiveHost...
2019-05-07 18:40:54:978 [INFO] MonitorBizTalkHostInstances.ps1 Starting HostInstance UNE_NCA_Aseguramiento_SendHost...
2019-05-07 18:40:56:307 [ERROR] MonitorBizTalkHostInstances.ps1 [Main] . The error message was The term 'CreateObjectToHtmlTableGreenStyle' is not recognized as the name of a cmdlet, function, script file, or operable program. Check the spelling of the name, or if a path was included, verify that the path is correct and try again.. (.Exception.StackTrace)
2019-05-07 18:40:56:322 [INFO] MonitorBizTalkHostInstances.ps1 Sending email ...
2019-05-07 18:44:10:869 [INFO] MonitorBizTalkHostInstances.ps1 Reading HostInstances...
2019-05-07 18:44:11:072 [INFO] MonitorBizTalkHostInstances.ps1 Starting HostInstance UNE_VTS_TrabajoDeCampo_SendHost...
2019-05-07 18:44:12:197 [INFO] MonitorBizTalkHostInstances.ps1 Starting HostInstance UNE_VTS_TrabajoDeCampo_ProcessHost...
2019-05-07 18:44:13:541 [INFO] MonitorBizTalkHostInstances.ps1 Starting HostInstance UNE_VTS_GestionDeDirecciones_SendHost...
2019-05-07 18:44:14:682 [INFO] MonitorBizTalkHostInstances.ps1 Starting HostInstance UNE_VTS_Prospeccion_SendHost...
2019-05-07 18:44:16:057 [INFO] MonitorBizTalkHostInstances.ps1 Sending email ...
2019-05-07 18:50:28:638 [INFO] MonitorBizTalkHostInstances.ps1 Reading HostInstances...
2019-05-07 18:50:28:903 [INFO] MonitorBizTalkHostInstances.ps1 Starting HostInstance UNE_NCA_Aprovisionamiento_ProcessHost...
2019-05-07 18:50:30:028 [INFO] MonitorBizTalkHostInstances.ps1 Starting HostInstance UNE_NCA_General_ProcessHost...
2019-05-07 18:50:31:341 [INFO] MonitorBizTalkHostInstances.ps1 Starting HostInstance UNE_NCA_OfertaEconomica_ProcessHost...
2019-05-07 18:50:32:638 [INFO] MonitorBizTalkHostInstances.ps1 Starting HostInstance UNE_NCA_TrabajoDeCampo_ProcessHost...
2019-05-07 18:50:34:138 [INFO] MonitorBizTalkHostInstances.ps1 Sending email ...
2019-05-07 18:57:43:498 [INFO] MonitorBizTalkHostInstances.ps1 Reading HostInstances...
2019-05-07 18:57:43:701 [INFO] MonitorBizTalkHostInstances.ps1 Starting HostInstance UNE_NCA_General_SendHost...
2019-05-07 18:57:44:904 [INFO] MonitorBizTalkHostInstances.ps1 Starting HostInstance UNE_NCA_OfertaEconomica_SendHost...
2019-05-07 18:57:46:029 [INFO] MonitorBizTalkHostInstances.ps1 Starting HostInstance UNE_NCA_TrabajoDeCampo_SendHost...
2019-05-07 18:57:48:170 [INFO] MonitorBizTalkHostInstances.ps1 Starting HostInstance UNE_NCA_OfertaEconomica_ReceiveHost...
2019-05-07 18:57:49:451 [INFO] MonitorBizTalkHostInstances.ps1 Starting HostInstance UNE_NCA_TrabajoDeCampo_ReceiveHost...
2019-05-07 18:57:50:967 [INFO] MonitorBizTalkHostInstances.ps1 Sending email ...
2019-05-07 18:59:47:810 [INFO] MonitorBizTalkHostInstances.ps1 Reading HostInstances...
2019-05-07 18:59:48:326 [INFO] MonitorBizTalkHostInstances.ps1 Starting HostInstance UNE_SiebelOpen_EnvioPedidoFacturacion_ReceiveHost...
2019-05-07 18:59:49:826 [INFO] MonitorBizTalkHostInstances.ps1 Starting HostInstance UNE_SiebelOpen_EnvioPedidoFacturacion_SendHost...
2019-05-07 18:59:51:123 [INFO] MonitorBizTalkHostInstances.ps1 Starting HostInstance UNE_SiebelOpen_EnvioPedidoFacturacion_ProcessHost...
2019-05-07 18:59:52:607 [INFO] MonitorBizTalkHostInstances.ps1 Starting HostInstance _Receive1_Host1...
2019-05-07 18:59:53:935 [INFO] MonitorBizTalkHostInstances.ps1 Sending email ...
2019-05-07 19:02:14:061 [INFO] MonitorBizTalkHostInstances.ps1 Reading HostInstances...
2019-05-07 19:02:14:327 [INFO] MonitorBizTalkHostInstances.ps1 Starting HostInstance UNE_NCA_General_ProcessHost...
2019-05-07 19:02:15:515 [INFO] MonitorBizTalkHostInstances.ps1 Starting HostInstance UNE_NCA_OfertaEconomica_ProcessHost...
2019-05-07 19:02:16:718 [INFO] MonitorBizTalkHostInstances.ps1 Starting HostInstance UNE_NCA_TrabajoDeCampo_ProcessHost...
2019-05-07 19:02:17:874 [INFO] MonitorBizTalkHostInstances.ps1 Starting HostInstance UNE_NCA_General_SendHost...
2019-05-07 19:02:19:046 [INFO] MonitorBizTalkHostInstances.ps1 Starting HostInstance UNE_NCA_OfertaEconomica_SendHost...
2019-05-07 19:02:20:280 [INFO] MonitorBizTalkHostInstances.ps1 Starting HostInstance UNE_NCA_TrabajoDeCampo_SendHost...
2019-05-07 19:02:21:577 [INFO] MonitorBizTalkHostInstances.ps1 Starting HostInstance UNE_NCA_OfertaEconomica_ReceiveHost...
2019-05-07 19:02:22:874 [INFO] MonitorBizTalkHostInstances.ps1 Starting HostInstance UNE_NCA_TrabajoDeCampo_ReceiveHost...
2019-05-07 19:02:24:296 [INFO] MonitorBizTalkHostInstances.ps1 Sending email ...
2019-05-07 19:07:34:890 [INFO] MonitorBizTalkHostInstances.ps1 Reading HostInstances...
2019-05-07 19:07:35:078 [INFO] MonitorBizTalkHostInstances.ps1 Starting HostInstance UNE_VTS_TrabajoDeCampo_SendHost...
2019-05-07 19:07:36:219 [INFO] MonitorBizTalkHostInstances.ps1 Starting HostInstance UNE_VTS_TrabajoDeCampo_ProcessHost...
2019-05-07 19:07:37:453 [INFO] MonitorBizTalkHostInstances.ps1 Starting HostInstance UNE_VTS_GestionDeDirecciones_SendHost...
2019-05-07 19:07:38:656 [INFO] MonitorBizTalkHostInstances.ps1 Starting HostInstance UNE_VTS_Prospeccion_SendHost...
2019-05-07 19:07:39:969 [INFO] MonitorBizTalkHostInstances.ps1 Sending email ...
2019-05-07 19:10:38:595 [INFO] MonitorBizTalkHostInstances.ps1 Reading HostInstances...
2019-05-07 19:10:38:923 [INFO] MonitorBizTalkHostInstances.ps1 Starting HostInstance UNE_RNGD_Aseguramiento_ProcessHost...
2019-05-07 19:10:40:063 [INFO] MonitorBizTalkHostInstances.ps1 Starting HostInstance UNE_RNGD_Aseguramiento_ReceiveHost...
2019-05-07 19:10:41:329 [INFO] MonitorBizTalkHostInstances.ps1 Starting HostInstance UNE_RNGD_Aseguramiento_SendHost...
2019-05-07 19:10:42:657 [INFO] MonitorBizTalkHostInstances.ps1 Starting HostInstance UNE_VTS_General_ProcessHost...
2019-05-07 19:10:43:970 [INFO] MonitorBizTalkHostInstances.ps1 Sending email ...
2019-05-07 19:11:37:016 [INFO] MonitorBizTalkHostInstances.ps1 Reading HostInstances...
2019-05-07 19:11:37:220 [INFO] MonitorBizTalkHostInstances.ps1 Starting HostInstance UNE_NCA_Aprovisionamiento_ProcessHost...
2019-05-07 19:11:38:501 [INFO] MonitorBizTalkHostInstances.ps1 Starting HostInstance UNE_NCA_General_ProcessHost...
2019-05-07 19:11:39:641 [INFO] MonitorBizTalkHostInstances.ps1 Starting HostInstance UNE_NCA_OfertaEconomica_ProcessHost...
2019-05-07 19:11:40:938 [INFO] MonitorBizTalkHostInstances.ps1 Starting HostInstance UNE_NCA_TrabajoDeCampo_ProcessHost...
2019-05-07 19:11:42:220 [INFO] MonitorBizTalkHostInstances.ps1 Starting HostInstance UNE_NCA_General_SendHost...
2019-05-07 19:11:43:532 [INFO] MonitorBizTalkHostInstances.ps1 Starting HostInstance UNE_NCA_OfertaEconomica_SendHost...
2019-05-07 19:11:44:860 [INFO] MonitorBizTalkHostInstances.ps1 Sending email ...
2019-05-07 19:14:43:141 [INFO] MonitorBizTalkHostInstances.ps1 Reading HostInstances...
2019-05-07 19:14:43:501 [INFO] MonitorBizTalkHostInstances.ps1 Starting HostInstance UNE_NCA_Aprovisionamiento_ReceiveHost...
2019-05-07 19:14:44:720 [INFO] MonitorBizTalkHostInstances.ps1 Starting HostInstance UNE_NCA_Aprovisionamiento_SendHost...
2019-05-07 19:14:46:048 [INFO] MonitorBizTalkHostInstances.ps1 Starting HostInstance UNE_NCA_Aseguramiento_ReceiveHost...
2019-05-07 19:14:47:391 [INFO] MonitorBizTalkHostInstances.ps1 Starting HostInstance UNE_NCA_Aseguramiento_SendHost...
2019-05-07 19:14:48:673 [INFO] MonitorBizTalkHostInstances.ps1 Sending email ...
2019-05-07 19:16:33:283 [INFO] MonitorBizTalkHostInstances.ps1 Reading HostInstances...
2019-05-07 19:16:33:455 [INFO] MonitorBizTalkHostInstances.ps1 Starting HostInstance UNE_NCA_General_SendHost...
2019-05-07 19:16:34:580 [INFO] MonitorBizTalkHostInstances.ps1 Starting HostInstance UNE_NCA_OfertaEconomica_SendHost...
2019-05-07 19:16:35:830 [INFO] MonitorBizTalkHostInstances.ps1 Starting HostInstance UNE_NCA_TrabajoDeCampo_SendHost...
2019-05-07 19:16:37:064 [INFO] MonitorBizTalkHostInstances.ps1 Starting HostInstance UNE_NCA_OfertaEconomica_ReceiveHost...
2019-05-07 19:16:38:361 [INFO] MonitorBizTalkHostInstances.ps1 Starting HostInstance UNE_NCA_TrabajoDeCampo_ReceiveHost...
2019-05-07 19:16:39:861 [INFO] MonitorBizTalkHostInstances.ps1 Sending email ...
2019-05-07 19:17:54:127 [INFO] MonitorBizTalkHostInstances.ps1 Reading HostInstances...
2019-05-07 19:17:54:439 [INFO] MonitorBizTalkHostInstances.ps1 Starting HostInstance UNE_NCA_Aprovisionamiento_ReceiveHost...
2019-05-07 19:17:55:564 [INFO] MonitorBizTalkHostInstances.ps1 Starting HostInstance UNE_NCA_Aprovisionamiento_SendHost...
2019-05-07 19:17:56:861 [INFO] MonitorBizTalkHostInstances.ps1 Starting HostInstance UNE_NCA_Aseguramiento_ReceiveHost...
2019-05-07 19:17:57:986 [INFO] MonitorBizTalkHostInstances.ps1 Starting HostInstance UNE_NCA_Aseguramiento_SendHost...
2019-05-07 19:17:59:189 [INFO] MonitorBizTalkHostInstances.ps1 Starting HostInstance UNE_RNGD_Aseguramiento_ReceiveHost_OSM...
2019-05-07 19:18:00:377 [INFO] MonitorBizTalkHostInstances.ps1 Sending email ...
2019-05-07 19:22:55:690 [INFO] MonitorBizTalkHostInstances.ps1 Reading HostInstances...
2019-05-07 19:22:56:034 [INFO] MonitorBizTalkHostInstances.ps1 Starting HostInstance UNE_SiebelOpen_EnvioPedidoFacturacion_ReceiveHost...
2019-05-07 19:22:57:159 [INFO] MonitorBizTalkHostInstances.ps1 Starting HostInstance UNE_SiebelOpen_EnvioPedidoFacturacion_SendHost...
2019-05-07 19:22:58:487 [INFO] MonitorBizTalkHostInstances.ps1 Starting HostInstance UNE_SiebelOpen_EnvioPedidoFacturacion_ProcessHost...
2019-05-07 19:22:59:753 [INFO] MonitorBizTalkHostInstances.ps1 Starting HostInstance _Receive1_Host1...
2019-05-07 19:23:01:128 [INFO] MonitorBizTalkHostInstances.ps1 Sending email ...
2019-05-07 19:30:43:208 [INFO] MonitorBizTalkHostInstances.ps1 Reading HostInstances...
2019-05-07 19:30:43:536 [INFO] MonitorBizTalkHostInstances.ps1 Starting HostInstance UNE_NCA_OfertaEconomica_ProcessHost...
2019-05-07 19:30:44:661 [INFO] MonitorBizTalkHostInstances.ps1 Starting HostInstance UNE_NCA_TrabajoDeCampo_ProcessHost...
2019-05-07 19:30:45:927 [INFO] MonitorBizTalkHostInstances.ps1 Starting HostInstance UNE_NCA_General_SendHost...
2019-05-07 19:30:47:130 [INFO] MonitorBizTalkHostInstances.ps1 Starting HostInstance UNE_NCA_OfertaEconomica_SendHost...
2019-05-07 19:30:48:317 [INFO] MonitorBizTalkHostInstances.ps1 Starting HostInstance UNE_NCA_TrabajoDeCampo_SendHost...
2019-05-07 19:30:49:536 [INFO] MonitorBizTalkHostInstances.ps1 Starting HostInstance UNE_NCA_OfertaEconomica_ReceiveHost...
2019-05-07 19:30:50:864 [INFO] MonitorBizTalkHostInstances.ps1 Sending email ...
2019-05-07 19:36:51:693 [INFO] MonitorBizTalkHostInstances.ps1 Reading HostInstances...
2019-05-07 19:36:52:021 [INFO] MonitorBizTalkHostInstances.ps1 Starting HostInstance UNE_NCA_Aprovisionamiento_ReceiveHost...
2019-05-07 19:36:53:131 [INFO] MonitorBizTalkHostInstances.ps1 Starting HostInstance UNE_NCA_Aprovisionamiento_SendHost...
2019-05-07 19:36:54:412 [INFO] MonitorBizTalkHostInstances.ps1 Starting HostInstance UNE_NCA_Aseguramiento_ReceiveHost...
2019-05-07 19:36:55:553 [INFO] MonitorBizTalkHostInstances.ps1 Starting HostInstance UNE_NCA_Aseguramiento_SendHost...
2019-05-07 19:36:56:787 [INFO] MonitorBizTalkHostInstances.ps1 Sending email ...
2019-05-07 19:44:19:085 [INFO] MonitorBizTalkHostInstances.ps1 Reading HostInstances...
2019-05-07 19:44:19:397 [INFO] MonitorBizTalkHostInstances.ps1 Starting HostInstance UNE_NCA_General_SendHost...
2019-05-07 19:44:20:522 [INFO] MonitorBizTalkHostInstances.ps1 Starting HostInstance UNE_NCA_OfertaEconomica_SendHost...
2019-05-07 19:44:21:741 [INFO] MonitorBizTalkHostInstances.ps1 Starting HostInstance UNE_NCA_TrabajoDeCampo_SendHost...
2019-05-07 19:44:23:054 [INFO] MonitorBizTalkHostInstances.ps1 Starting HostInstance UNE_NCA_OfertaEconomica_ReceiveHost...
2019-05-07 19:44:24:366 [INFO] MonitorBizTalkHostInstances.ps1 Sending email ...
2019-05-07 20:13:19:091 [INFO] MonitorWebApps.ps1 MonitorWebApps.ps1
2019-05-07 20:13:19:466 [ERROR] MonitorWebApps.ps1 [Main] . The error message was Cannot convert argument "0", with value: "http://localhost/ESB.UDDI.Service/UDDIService.asmx?wsdl", for "Create" to type "System.Uri": "Cannot convert the "http://localhost/ESB.UDDI.Service/UDDIService.asmx?wsdl" value of type "Microsoft.PowerShell.Commands.SelectXmlInfo" to type "System.Uri".". (.Exception.StackTrace)
2019-05-07 20:25:00:875 [INFO] MonitorWebApps.ps1 MonitorWebApps.ps1
2019-05-07 20:31:59:376 [INFO] MonitorWebApps.ps1 MonitorWebApps.ps1
2019-05-07 20:33:22:829 [INFO] MonitorWebApps.ps1 MonitorWebApps.ps1
2019-05-07 20:33:40:063 [INFO] MonitorWebApps.ps1 MonitorWebApps.ps1
2019-05-07 20:33:40:079 [ERROR] MonitorWebApps.ps1 [Main] . The error message was Cannot bind argument to parameter 'xmlDoc' because it is null.. (.Exception.StackTrace)
2019-05-07 20:35:12:814 [INFO] MonitorWebApps.ps1 MonitorWebApps.ps1
2019-05-07 20:38:10:830 [INFO] MonitorWebApps.ps1 MonitorWebApps.ps1
2019-05-07 20:38:28:517 [INFO] MonitorWebApps.ps1 MonitorWebApps.ps1
2019-05-07 20:38:28:767 [ERROR] MonitorWebApps.ps1 [Main] . The error message was Cannot convert argument "0", with value: "http://localhost/ESB.UDDI.Service/UDDIService.asmx?wsdl", for "Create" to type "System.Uri": "Cannot convert the "http://localhost/ESB.UDDI.Service/UDDIService.asmx?wsdl" value of type "Microsoft.PowerShell.Commands.SelectXmlInfo" to type "System.Uri".". (.Exception.StackTrace)
2019-05-07 20:39:56:955 [INFO] MonitorWebApps.ps1 MonitorWebApps.ps1
2019-05-07 20:39:57:017 [ERROR] MonitorWebApps.ps1 [Main] . The error message was Exception calling "Create" with "1" argument(s): "Invalid URI: The format of the URI could not be determined.". (.Exception.StackTrace)
2019-05-07 20:40:17:267 [INFO] MonitorWebApps.ps1 MonitorWebApps.ps1
2019-05-07 20:46:01:862 [INFO] MonitorWebApps.ps1 MonitorWebApps.ps1
2019-05-07 20:46:02:206 [ERROR] MonitorWebApps.ps1 [Main] . The error message was Method invocation failed because [System.Management.Automation.PSObject] doesn't contain a method named 'op_Addition'.. (.Exception.StackTrace)
2019-05-07 20:47:37:551 [INFO] MonitorWebApps.ps1 MonitorWebApps.ps1
2019-05-07 20:47:37:613 [ERROR] MonitorWebApps.ps1 [Main] . The error message was Method invocation failed because [System.Management.Automation.PSObject] doesn't contain a method named 'op_Addition'.. (.Exception.StackTrace)
2019-05-07 20:50:46:863 [INFO] MonitorWebApps.ps1 MonitorWebApps.ps1
2019-05-07 20:50:46:926 [ERROR] MonitorWebApps.ps1 [Main] . The error message was Method invocation failed because [System.Management.Automation.PSObject] doesn't contain a method named 'op_Addition'.. (.Exception.StackTrace)
2019-05-10 01:14:55:603 [INFO] MonitorWebApps.ps1 MonitorWebApps.ps1
2019-05-10 01:15:02:581 [ERROR] MonitorWebApps.ps1 [Main] . The error message was Method invocation failed because [System.Management.Automation.PSObject] doesn't contain a method named 'op_Addition'.. (.Exception.StackTrace)
2019-05-10 01:16:25:232 [INFO] MonitorWebApps.ps1 MonitorWebApps.ps1
2019-05-10 01:16:25:279 [ERROR] MonitorWebApps.ps1 [Main] . The error message was Method invocation failed because [System.Management.Automation.PSObject] doesn't contain a method named 'op_Addition'.. (.Exception.StackTrace)
2019-05-10 01:16:29:044 [INFO] MonitorWebApps.ps1 MonitorWebApps.ps1
2019-05-10 01:16:29:107 [ERROR] MonitorWebApps.ps1 [Main] . The error message was Method invocation failed because [System.Management.Automation.PSObject] doesn't contain a method named 'op_Addition'.. (.Exception.StackTrace)
2019-05-10 01:17:08:513 [INFO] MonitorWebApps.ps1 MonitorWebApps.ps1
2019-05-10 01:17:08:560 [ERROR] MonitorWebApps.ps1 [Main] . The error message was Method invocation failed because [System.Management.Automation.PSObject] doesn't contain a method named 'op_Addition'.. (.Exception.StackTrace)
2019-05-10 01:17:54:826 [INFO] MonitorWebApps.ps1 MonitorWebApps.ps1
2019-05-10 01:17:54:873 [ERROR] MonitorWebApps.ps1 [Main] . The error message was Method invocation failed because [System.Management.Automation.PSObject] doesn't contain a method named 'op_Addition'.. (.Exception.StackTrace)
2019-05-10 01:18:19:248 [INFO] MonitorWebApps.ps1 MonitorWebApps.ps1
2019-05-10 01:18:19:763 [ERROR] MonitorWebApps.ps1 [Main] . The error message was Method invocation failed because [System.Management.Automation.PSObject] doesn't contain a method named 'op_Addition'.. (.Exception.StackTrace)
2019-05-10 01:19:10:701 [INFO] MonitorWebApps.ps1 MonitorWebApps.ps1
2019-05-10 01:19:10:748 [ERROR] MonitorWebApps.ps1 [Main] . The error message was Method invocation failed because [System.Management.Automation.PSObject] doesn't contain a method named 'op_Addition'.. (.Exception.StackTrace)
2019-05-10 01:20:17:794 [INFO] MonitorWebApps.ps1 MonitorWebApps.ps1
2019-05-10 01:21:12:232 [INFO] MonitorWebApps.ps1 MonitorWebApps.ps1
2019-05-10 01:21:12:279 [ERROR] MonitorWebApps.ps1 [Main] . The error message was Method invocation failed because [System.Management.Automation.PSObject] doesn't contain a method named 'op_Addition'.. (.Exception.StackTrace)
2019-05-10 01:22:41:044 [INFO] MonitorWebApps.ps1 MonitorWebApps.ps1
2019-05-10 01:26:06:701 [INFO] MonitorWebApps.ps1 MonitorWebApps.ps1
2019-05-10 01:26:06:732 [ERROR] MonitorWebApps.ps1 [Main] . The error message was You cannot call a method on a null-valued expression.. (.Exception.StackTrace)
2019-05-10 01:27:05:373 [INFO] MonitorWebApps.ps1 MonitorWebApps.ps1
2019-05-10 01:27:05:404 [ERROR] MonitorWebApps.ps1 [Main] . The error message was You cannot call a method on a null-valued expression.. (.Exception.StackTrace)
2019-05-10 01:27:23:451 [INFO] MonitorWebApps.ps1 MonitorWebApps.ps1
2019-05-10 01:27:42:154 [INFO] MonitorWebApps.ps1 MonitorWebApps.ps1
2019-05-10 01:27:59:576 [INFO] MonitorWebApps.ps1 MonitorWebApps.ps1
2019-05-10 01:28:13:138 [INFO] MonitorWebApps.ps1 MonitorWebApps.ps1
2019-05-10 01:28:13:185 [ERROR] MonitorWebApps.ps1 [Main] . The error message was You cannot call a method on a null-valued expression.. (.Exception.StackTrace)
2019-05-10 01:28:30:044 [INFO] MonitorWebApps.ps1 MonitorWebApps.ps1
2019-05-10 01:30:00:748 [INFO] MonitorWebApps.ps1 MonitorWebApps.ps1
2019-05-10 01:30:01:998 [ERROR] MonitorWebApps.ps1 [Main] . The error message was The term 'CreateObjectToHtmlTableGreenStyle' is not recognized as the name of a cmdlet, function, script file, or operable program. Check the spelling of the name, or if a path was included, verify that the path is correct and try again.. (.Exception.StackTrace)
2019-05-10 01:30:51:544 [INFO] MonitorWebApps.ps1 MonitorWebApps.ps1
2019-05-10 01:30:52:701 [ERROR] MonitorWebApps.ps1 [Main] . The error message was Cannot bind argument to parameter 'htmlObject' because it is null.. (.Exception.StackTrace)
2019-05-10 01:31:09:294 [INFO] MonitorWebApps.ps1 MonitorWebApps.ps1
2019-05-10 01:32:48:935 [INFO] MonitorWebApps.ps1 MonitorWebApps.ps1
2019-05-10 01:32:50:576 [INFO] MonitorWebApps.ps1 Sending email ...
2019-05-10 01:37:37:841 [INFO] MonitorWebApps.ps1 MonitorWebApps.ps1
2019-05-10 01:37:39:669 [INFO] MonitorWebApps.ps1 Sending email ...
2019-05-10 01:40:30:935 [INFO] MonitorWebApps.ps1 MonitorWebApps.ps1
2019-05-10 01:40:31:685 [INFO] MonitorWebApps.ps1 Sending email ...
2019-05-10 01:51:40:686 [INFO] MonitorWebApps.ps1 MonitorWebApps.ps1
2019-05-10 01:51:41:952 [INFO] MonitorWebApps.ps1 Sending email ...
2019-05-10 01:53:18:420 [INFO] MonitorWebApps.ps1 MonitorWebApps.ps1
2019-05-10 01:53:19:170 [INFO] MonitorWebApps.ps1 Sending email ...
2019-05-10 01:59:39:217 [INFO] MonitorBizTalkHostInstances.ps1 MonitorBizTalkHostInstances.ps1
2019-05-10 01:59:39:233 [INFO] MonitorBizTalkHostInstances.ps1 Reading HostInstances...
2019-05-10 01:59:41:124 [INFO] MonitorBizTalkHostInstances.ps1 Starting HostInstance BizTalkServerApplication...
2019-05-10 01:59:42:358 [INFO] MonitorBizTalkHostInstances.ps1 Starting HostInstance UNE_NCA_Aprovisionamiento_ProcessHost...
2019-05-10 01:59:43:827 [INFO] MonitorBizTalkHostInstances.ps1 Starting HostInstance UNE_NCA_General_ProcessHost...
2019-05-10 01:59:45:499 [INFO] MonitorBizTalkHostInstances.ps1 Starting HostInstance UNE_NCA_OfertaEconomica_ProcessHost...
2019-05-10 01:59:47:264 [INFO] MonitorBizTalkHostInstances.ps1 Starting HostInstance UNE_NCA_TrabajoDeCampo_ProcessHost...
2019-05-10 01:59:49:186 [INFO] MonitorBizTalkHostInstances.ps1 Starting HostInstance UNE_NCA_General_SendHost...
2019-05-10 01:59:50:858 [INFO] MonitorBizTalkHostInstances.ps1 Starting HostInstance UNE_NCA_OfertaEconomica_SendHost...
2019-05-10 01:59:53:233 [INFO] MonitorBizTalkHostInstances.ps1 Starting HostInstance UNE_NCA_TrabajoDeCampo_SendHost...
2019-05-10 01:59:54:874 [INFO] MonitorBizTalkHostInstances.ps1 Starting HostInstance UNE_NCA_OfertaEconomica_ReceiveHost...
2019-05-10 01:59:56:811 [INFO] MonitorBizTalkHostInstances.ps1 Starting HostInstance UNE_NCA_TrabajoDeCampo_ReceiveHost...
2019-05-10 01:59:58:202 [INFO] MonitorBizTalkHostInstances.ps1 Starting HostInstance UNE_NCA_Aprovisionamiento_ReceiveHost...
2019-05-10 02:00:00:061 [INFO] MonitorBizTalkHostInstances.ps1 Starting HostInstance UNE_NCA_Aprovisionamiento_SendHost...
2019-05-10 02:00:02:295 [INFO] MonitorBizTalkHostInstances.ps1 Starting HostInstance UNE_NCA_Aseguramiento_ReceiveHost...
2019-05-10 02:00:03:889 [INFO] MonitorBizTalkHostInstances.ps1 Starting HostInstance UNE_NCA_Aseguramiento_SendHost...
2019-05-10 02:00:05:827 [INFO] MonitorBizTalkHostInstances.ps1 Starting HostInstance UNE_RNGD_Aseguramiento_ReceiveHost_OSM...
2019-05-10 02:00:07:624 [INFO] MonitorBizTalkHostInstances.ps1 Starting HostInstance UNE_SWITCH_Inventario_ProcessHost...
2019-05-10 02:00:08:952 [INFO] MonitorBizTalkHostInstances.ps1 Starting HostInstance UNE_SWITCH_Inventario_SendHost...
2019-05-10 02:00:10:874 [INFO] MonitorBizTalkHostInstances.ps1 Starting HostInstance UNE_Integracion_CRM_ProcessHost...
2019-05-10 02:00:12:686 [INFO] MonitorBizTalkHostInstances.ps1 Starting HostInstance UNE_RNGD_Aseguramiento_ProcessHost...
2019-05-10 02:00:14:577 [INFO] MonitorBizTalkHostInstances.ps1 Starting HostInstance UNE_RNGD_Aseguramiento_ReceiveHost...
2019-05-10 02:00:16:358 [INFO] MonitorBizTalkHostInstances.ps1 Starting HostInstance UNE_RNGD_Aseguramiento_SendHost...
2019-05-10 02:00:18:155 [INFO] MonitorBizTalkHostInstances.ps1 Starting HostInstance UNE_VTS_General_ProcessHost...
2019-05-10 02:00:20:061 [INFO] MonitorBizTalkHostInstances.ps1 Starting HostInstance UNE_VTS_TrabajoDeCampo_SendHost...
2019-05-10 02:00:22:077 [INFO] MonitorBizTalkHostInstances.ps1 Starting HostInstance UNE_VTS_TrabajoDeCampo_ProcessHost...
2019-05-10 02:00:24:030 [INFO] MonitorBizTalkHostInstances.ps1 Starting HostInstance UNE_VTS_GestionDeDirecciones_SendHost...
2019-05-10 02:00:25:920 [INFO] MonitorBizTalkHostInstances.ps1 Starting HostInstance UNE_VTS_Prospeccion_SendHost...
2019-05-10 02:00:27:827 [INFO] MonitorBizTalkHostInstances.ps1 Starting HostInstance UNE_SiebelOpen_EnvioPedidoFacturacion_ReceiveHost...
2019-05-10 02:00:29:686 [INFO] MonitorBizTalkHostInstances.ps1 Starting HostInstance UNE_SiebelOpen_EnvioPedidoFacturacion_SendHost...
2019-05-10 02:00:31:655 [INFO] MonitorBizTalkHostInstances.ps1 Starting HostInstance UNE_SiebelOpen_EnvioPedidoFacturacion_ProcessHost...
2019-05-10 02:00:33:733 [INFO] MonitorBizTalkHostInstances.ps1 Starting HostInstance _Receive1_Host1...
2019-05-10 02:00:35:733 [INFO] MonitorBizTalkHostInstances.ps1 Sending email ...
2019-05-10 02:13:12:083 [INFO] MonitorWebApps.ps1 MonitorWebApps.ps1
2019-05-10 02:13:13:013 [INFO] MonitorWebApps.ps1 Sending email ...
2019-05-10 02:31:29:607 [INFO] MonitorWebApps.ps1 MonitorWebApps.ps1
2019-05-10 02:31:29:647 [INFO] MonitorWebApps.ps1 StatusCode:  http://localhost/ESB.UDDI.Service/UDDIService.asmx?wsdl
2019-05-10 02:31:29:661 [INFO] MonitorWebApps.ps1 StatusCode: 200 http://localhost/ESB.TransformServices.WCF/TransformationService.svc?wsdl
2019-05-10 02:31:29:688 [INFO] MonitorWebApps.ps1 StatusCode: 200 http://localhost/ESB.TransformServices/TransformationService.asmx?wsdl
2019-05-10 02:31:29:715 [INFO] MonitorWebApps.ps1 StatusCode: 200 http://localhost/ESB.ResolverServices.WCF/ResolverService.svc?wsdl
2019-05-10 02:31:29:742 [INFO] MonitorWebApps.ps1 StatusCode: 200 http://localhost/ESB.ResolverServices/ResolverService.asmx?wsdl
2019-05-10 02:31:29:824 [INFO] MonitorWebApps.ps1 StatusCode: 200 http://localhost/esb.portal/Default.aspx
2019-05-10 02:31:29:878 [INFO] MonitorWebApps.ps1 StatusCode: 200 http://localhost/ESB.ItineraryServices.WCF/ProcessItinerary.svc?wsdl
2019-05-10 02:31:29:919 [INFO] MonitorWebApps.ps1 StatusCode: 200 http://localhost/ESB.ItineraryServices.Response.WCF/ProcessItinerary.svc?wsdl
2019-05-10 02:31:29:946 [INFO] MonitorWebApps.ps1 StatusCode: 200 http://localhost/ESB.ItineraryServices.Response/ProcessItinerary.asmx?wsdl
2019-05-10 02:31:30:000 [INFO] MonitorWebApps.ps1 StatusCode: 200 http://localhost/ESB.ItineraryServices.Generic.WCF/ProcessItinerary.svc?wsdl
2019-05-10 02:31:30:054 [INFO] MonitorWebApps.ps1 StatusCode: 200 http://localhost/ESB.ItineraryServices.Generic.Response.WCF/ProcessItinerary.svc?wsdl
2019-05-10 02:31:30:081 [INFO] MonitorWebApps.ps1 StatusCode: 200 http://localhost/ESB.ItineraryServices/ProcessItinerary.asmx?wsdl
2019-05-10 02:31:30:095 [INFO] MonitorWebApps.ps1 StatusCode: 200 http://localhost/ESB.Exceptions.Service/ExceptionService.svc?wsdl
2019-05-10 02:31:32:450 [INFO] MonitorWebApps.ps1 StatusCode: 200 http://localhost/ESB.ExceptionHandlingServices.WCF/ExceptionHandling.svc?wsdl
2019-05-10 02:31:32:475 [INFO] MonitorWebApps.ps1 StatusCode: 200 http://localhost/ESB.ExceptionHandlingServices/ExceptionHandling.asmx?wsdl
2019-05-10 02:31:32:487 [INFO] MonitorWebApps.ps1 StatusCode: 200 http://localhost/ESB.BizTalkOperationsService/Operations.asmx?wsdl
2019-05-10 02:31:32:511 [INFO] MonitorWebApps.ps1 StatusCode: 200 http://localhost/ESB.BAM.Service/BAMService.svc?wsdl
2019-05-10 02:31:32:536 [INFO] MonitorWebApps.ps1 StatusCode: 200 http://localhost/BAM/default.aspx
2019-05-10 02:31:32:560 [INFO] MonitorWebApps.ps1 StatusCode: 200 http://localhost/BAM/BAMQueryService/BamQueryService.asmx?wsdl
2019-05-10 02:31:32:584 [INFO] MonitorWebApps.ps1 StatusCode: 200 http://localhost/BAM/BAMManagementService/BamManagementService.asmx?wsdl
2019-05-10 02:31:32:609 [INFO] MonitorWebApps.ps1 Sending email ...
2019-05-10 02:33:05:842 [INFO] MonitorWebApps.ps1 MonitorWebApps.ps1
2019-05-10 02:33:05:867 [INFO] MonitorWebApps.ps1 StatusCode: 500 http://localhost/ESB.UDDI.Service/UDDIService.asmx?wsdl
2019-05-10 02:33:05:880 [INFO] MonitorWebApps.ps1 StatusCode: 200 http://localhost/ESB.TransformServices.WCF/TransformationService.svc?wsdl
2019-05-10 02:33:05:893 [INFO] MonitorWebApps.ps1 StatusCode: 401 http://localhost/ESB.TransformServices/TransformationService.asmx?wsdl
2019-05-10 02:33:05:932 [INFO] MonitorWebApps.ps1 StatusCode: 401 http://localhost/ESB.ResolverServices.WCF/ResolverService.svc?wsdl
2019-05-10 02:33:05:945 [INFO] MonitorWebApps.ps1 StatusCode: 401 http://localhost/ESB.ResolverServices/ResolverService.asmx?wsdl
2019-05-10 02:33:06:035 [INFO] MonitorWebApps.ps1 StatusCode: 401 http://localhost/esb.portal/Default.aspx
2019-05-10 02:33:06:087 [INFO] MonitorWebApps.ps1 StatusCode: 500 http://localhost/ESB.ItineraryServices.WCF/ProcessItinerary.svc?wsdl
2019-05-10 02:33:06:125 [INFO] MonitorWebApps.ps1 StatusCode: 500 http://localhost/ESB.ItineraryServices.Response.WCF/ProcessItinerary.svc?wsdl
2019-05-10 02:33:06:151 [INFO] MonitorWebApps.ps1 StatusCode: 401 http://localhost/ESB.ItineraryServices.Response/ProcessItinerary.asmx?wsdl
2019-05-10 02:33:06:190 [INFO] MonitorWebApps.ps1 StatusCode: 500 http://localhost/ESB.ItineraryServices.Generic.WCF/ProcessItinerary.svc?wsdl
2019-05-10 02:33:06:267 [INFO] MonitorWebApps.ps1 StatusCode: 500 http://localhost/ESB.ItineraryServices.Generic.Response.WCF/ProcessItinerary.svc?wsdl
2019-05-10 02:33:06:293 [INFO] MonitorWebApps.ps1 StatusCode: 401 http://localhost/ESB.ItineraryServices/ProcessItinerary.asmx?wsdl
2019-05-10 02:33:06:319 [INFO] MonitorWebApps.ps1 StatusCode: 401 http://localhost/ESB.Exceptions.Service/ExceptionService.svc?wsdl
2019-05-10 02:33:06:538 [INFO] MonitorWebApps.ps1 StatusCode: 200 http://localhost/ESB.ExceptionHandlingServices.WCF/ExceptionHandling.svc?wsdl
2019-05-10 02:33:06:551 [INFO] MonitorWebApps.ps1 StatusCode: 401 http://localhost/ESB.ExceptionHandlingServices/ExceptionHandling.asmx?wsdl
2019-05-10 02:33:06:564 [INFO] MonitorWebApps.ps1 StatusCode: 401 http://localhost/ESB.BizTalkOperationsService/Operations.asmx?wsdl
2019-05-10 02:33:06:589 [INFO] MonitorWebApps.ps1 StatusCode: 401 http://localhost/ESB.BAM.Service/BAMService.svc?wsdl
2019-05-10 02:33:06:602 [INFO] MonitorWebApps.ps1 StatusCode: 401 http://localhost/BAM/default.aspx
2019-05-10 02:33:06:615 [INFO] MonitorWebApps.ps1 StatusCode: 401 http://localhost/BAM/BAMQueryService/BamQueryService.asmx?wsdl
2019-05-10 02:33:06:641 [INFO] MonitorWebApps.ps1 StatusCode: 401 http://localhost/BAM/BAMManagementService/BamManagementService.asmx?wsdl
2019-05-10 02:33:06:667 [INFO] MonitorWebApps.ps1 Sending email ...
2019-05-10 03:06:07:950 [INFO] MonitorServerStatus.ps1 MonitorServerStatus.ps1
2019-05-10 03:06:08:028 [ERROR] MonitorServerStatus.ps1 [Main] . The error message was The term 'GetServersList' is not recognized as the name of a cmdlet, function, script file, or operable program. Check the spelling of the name, or if a path was included, verify that the path is correct and try again.. (.Exception.StackTrace)
2019-05-10 03:07:12:044 [INFO] MonitorServerStatus.ps1 MonitorServerStatus.ps1
2019-05-10 03:07:12:106 [ERROR] MonitorServerStatus.ps1 [Main] . The error message was The term 'GetServersList' is not recognized as the name of a cmdlet, function, script file, or operable program. Check the spelling of the name, or if a path was included, verify that the path is correct and try again.. (.Exception.StackTrace)
2019-05-10 03:07:59:685 [INFO] MonitorServerStatus.ps1 MonitorServerStatus.ps1
2019-05-10 03:07:59:747 [ERROR] MonitorServerStatus.ps1 [Main] . The error message was Cannot process argument transformation on parameter 'xmlDocument'. Cannot convert value ".\MonitorServerStatus.ps1CONFIGSERVERS" to type "System.Xml.XmlDocument". Error: "Data at the root level is invalid. Line 1, position 1.". (.Exception.StackTrace)
2019-05-10 03:09:05:528 [INFO] MonitorServerStatus.ps1 MonitorServerStatus.ps1
2019-05-10 03:09:05:528 [ERROR] MonitorServerStatus.ps1 [Main] . The error message was Cannot process argument transformation on parameter 'xmlDocument'. Cannot convert value ".\MonitorServerStatus.ps1CONFIGSERVERS" to type "System.Xml.XmlDocument". Error: "Data at the root level is invalid. Line 1, position 1.". (.Exception.StackTrace)
2019-05-10 03:10:53:888 [INFO] MonitorServerStatus.ps1 MonitorServerStatus.ps1
2019-05-10 03:10:53:888 [ERROR] MonitorServerStatus.ps1 [Main] . The error message was Cannot validate argument on parameter 'ComputerName'. The argument is null or empty. Supply an argument that is not null or empty and then try the command again.. (.Exception.StackTrace)
2019-05-10 03:15:02:028 [INFO] MonitorServerStatus.ps1 MonitorServerStatus.ps1
2019-05-10 03:15:02:044 [INFO] MonitorServerStatus.ps1 Server Name: 
2019-05-10 03:16:50:700 [INFO] MonitorServerStatus.ps1 MonitorServerStatus.ps1
2019-05-10 03:16:50:700 [INFO] MonitorServerStatus.ps1 Server Name: C:\ITManagement\PowerShell\Main\..\Config\Servers.config
2019-05-10 03:16:50:716 [INFO] MonitorServerStatus.ps1 Server Name: #document
2019-05-10 03:16:50:716 [INFO] MonitorServerStatus.ps1 Server Name: 
2019-05-10 03:17:53:060 [INFO] MonitorServerStatus.ps1 MonitorServerStatus.ps1
2019-05-10 03:17:53:075 [INFO] MonitorServerStatus.ps1 Server Name: C:\ITManagement\PowerShell\Main\..\Config\Servers.config
2019-05-10 03:17:53:091 [INFO] MonitorServerStatus.ps1 Server Name: #document
2019-05-10 03:17:53:091 [INFO] MonitorServerStatus.ps1 Server Name: 
2019-05-10 03:20:01:263 [INFO] MonitorServerStatus.ps1 MonitorServerStatus.ps1
2019-05-10 03:20:01:278 [INFO] MonitorServerStatus.ps1 Server Name: C:\ITManagement\PowerShell\Main\..\Config\Servers.config
2019-05-10 03:20:01:278 [INFO] MonitorServerStatus.ps1 Server Name: #document
2019-05-10 03:20:01:278 [INFO] MonitorServerStatus.ps1 Server Name: IGBTS-006
2019-05-10 03:20:01:294 [INFO] MonitorServerStatus.ps1 Server Name: DELL-XPS
2019-05-10 03:20:01:294 [INFO] MonitorServerStatus.ps1 Server Name: OTRO
2019-05-10 03:20:17:153 [INFO] MonitorServerStatus.ps1 MonitorServerStatus.ps1
2019-05-10 03:20:17:169 [INFO] MonitorServerStatus.ps1 Server Name: IGBTS-006
2019-05-10 03:20:17:169 [INFO] MonitorServerStatus.ps1 Server Name: DELL-XPS
2019-05-10 03:20:17:169 [INFO] MonitorServerStatus.ps1 Server Name: OTRO
2019-05-10 03:20:55:747 [INFO] MonitorServerStatus.ps1 MonitorServerStatus.ps1
2019-05-10 03:20:55:763 [INFO] MonitorServerStatus.ps1 Server Name: IGBTS-006
2019-05-10 03:20:55:763 [INFO] MonitorServerStatus.ps1 Server Name: DELL-XPS
2019-05-10 03:20:55:763 [INFO] MonitorServerStatus.ps1 Server Name: OTRO
2019-05-10 03:21:52:856 [INFO] MonitorServerStatus.ps1 MonitorServerStatus.ps1
2019-05-10 03:21:52:872 [INFO] MonitorServerStatus.ps1 Server Name: IGBTS-006
2019-05-10 03:21:54:138 [INFO] MonitorServerStatus.ps1 Server Name: DELL-XPS
2019-05-10 03:21:56:638 [ERROR] MonitorServerStatus.ps1 [Main] . The error message was Access is denied. (Exception from HRESULT: 0x80070005 (E_ACCESSDENIED)). (.Exception.StackTrace)
2019-05-10 03:23:33:528 [INFO] MonitorServerStatus.ps1 MonitorServerStatus.ps1
2019-05-10 03:23:33:544 [INFO] MonitorServerStatus.ps1 Server Name: IGBTS-006
2019-05-10 03:23:34:685 [INFO] MonitorServerStatus.ps1 Server Name: DELL-XPS
2019-05-10 03:23:36:606 [INFO] MonitorServerStatus.ps1 Server Name: OTRO
2019-05-10 03:27:03:638 [INFO] MonitorServerStatus.ps1 MonitorServerStatus.ps1
2019-05-10 03:27:03:653 [INFO] MonitorServerStatus.ps1 Server Name: IGBTS-006
2019-05-10 03:27:04:935 [INFO] MonitorServerStatus.ps1 Server Name: DELL-XPS
2019-05-10 03:27:06:606 [INFO] MonitorServerStatus.ps1 Server Name: OTRO
2019-05-10 03:33:46:638 [INFO] MonitorServerStatus.ps1 MonitorServerStatus.ps1
2019-05-10 03:33:46:653 [INFO] MonitorServerStatus.ps1 Server Name: IGBTS-006
2019-05-10 03:33:47:841 [INFO] MonitorServerStatus.ps1 Server Name: DELL-XPS
2019-05-10 03:33:49:606 [INFO] MonitorServerStatus.ps1 Server Name: OTRO
2019-05-10 03:35:13:200 [INFO] MonitorServerStatus.ps1 MonitorServerStatus.ps1
2019-05-10 03:35:13:200 [INFO] MonitorServerStatus.ps1 Server Name: IGBTS-006
2019-05-10 03:35:14:356 [INFO] MonitorServerStatus.ps1 Server Name: DELL-XPS
2019-05-10 03:35:15:606 [INFO] MonitorServerStatus.ps1 Server Name: OTRO
2019-05-10 03:35:30:544 [INFO] MonitorServerStatus.ps1 MonitorServerStatus.ps1
2019-05-10 03:35:30:544 [INFO] MonitorServerStatus.ps1 Server Name: IGBTS-006
2019-05-10 03:35:31:685 [INFO] MonitorServerStatus.ps1 Server Name: DELL-XPS
2019-05-10 03:35:33:606 [INFO] MonitorServerStatus.ps1 Server Name: OTRO
2019-05-10 03:36:25:263 [INFO] MonitorServerStatus.ps1 MonitorServerStatus.ps1
2019-05-10 03:36:25:263 [INFO] MonitorServerStatus.ps1 Server Name: IGBTS-006
2019-05-10 03:36:26:466 [INFO] MonitorServerStatus.ps1 Server Name: DELL-XPS
2019-05-10 03:36:27:606 [INFO] MonitorServerStatus.ps1 Server Name: OTRO
2019-05-10 03:37:05:028 [INFO] MonitorServerStatus.ps1 MonitorServerStatus.ps1
2019-05-10 03:37:05:044 [INFO] MonitorServerStatus.ps1 Server Name: IGBTS-006
2019-05-10 03:37:06:185 [INFO] MonitorServerStatus.ps1 Server Name: DELL-XPS
2019-05-10 03:37:07:606 [INFO] MonitorServerStatus.ps1 Server Name: OTRO
2019-05-10 03:37:33:403 [INFO] MonitorServerStatus.ps1 MonitorServerStatus.ps1
2019-05-10 03:37:33:403 [INFO] MonitorServerStatus.ps1 Server Name: IGBTS-006
2019-05-10 03:37:34:606 [INFO] MonitorServerStatus.ps1 Server Name: DELL-XPS
2019-05-10 03:37:36:606 [INFO] MonitorServerStatus.ps1 Server Name: OTRO
2019-05-10 03:37:38:872 [INFO] MonitorServerStatus.ps1 Server Name: IGBTS-006
2019-05-10 03:37:40:013 [INFO] MonitorServerStatus.ps1 Server Name: DELL-XPS
2019-05-10 03:39:15:200 [INFO] MonitorServerStatus.ps1 MonitorServerStatus.ps1
2019-05-10 03:39:15:216 [INFO] MonitorServerStatus.ps1 Server Name: IGBTS-006
2019-05-10 03:39:16:372 [INFO] MonitorServerStatus.ps1 Server Name: DELL-XPS
2019-05-10 03:39:18:606 [INFO] MonitorServerStatus.ps1 Server Name: OTRO
2019-05-10 03:39:22:153 [INFO] MonitorServerStatus.ps1 Server Name: IGBTS-006
2019-05-10 03:39:23:310 [INFO] MonitorServerStatus.ps1 Server Name: DELL-XPS
2019-05-10 03:41:03:028 [INFO] MonitorServerStatus.ps1 MonitorServerStatus.ps1
2019-05-10 03:41:03:028 [INFO] MonitorServerStatus.ps1 Server Name: IGBTS-006
2019-05-10 03:41:04:216 [INFO] MonitorServerStatus.ps1 Server Name: DELL-XPS
2019-05-10 03:41:06:591 [INFO] MonitorServerStatus.ps1 Server Name: OTRO
2019-05-10 03:41:08:856 [INFO] MonitorServerStatus.ps1 Server Name: IGBTS-006
2019-05-10 03:41:09:981 [INFO] MonitorServerStatus.ps1 Server Name: DELL-XPS
2019-05-10 03:41:10:622 [INFO] MonitorServerStatus.ps1 Sending email ...
2019-05-10 03:43:55:450 [INFO] MonitorServerStatus.ps1 MonitorServerStatus.ps1
2019-05-10 03:43:55:450 [INFO] MonitorServerStatus.ps1 Server Name: IGBTS-006
2019-05-10 03:43:56:638 [ERROR] MonitorServerStatus.ps1 [Main] . The error message was A parameter cannot be found that matches parameter name 'NoNewLine'.. (.Exception.StackTrace)
2019-05-10 03:43:56:653 [INFO] MonitorServerStatus.ps1 Sending email ...
2019-05-10 03:44:10:481 [INFO] MonitorServerStatus.ps1 MonitorServerStatus.ps1
2019-05-10 03:44:10:481 [INFO] MonitorServerStatus.ps1 Server Name: IGBTS-006
2019-05-10 03:44:11:653 [INFO] MonitorServerStatus.ps1 Server Name: DELL-XPS
2019-05-10 03:44:14:606 [INFO] MonitorServerStatus.ps1 Server Name: OTRO
2019-05-10 03:44:16:888 [INFO] MonitorServerStatus.ps1 Server Name: IGBTS-006
2019-05-10 03:44:18:075 [INFO] MonitorServerStatus.ps1 Server Name: DELL-XPS
2019-05-10 03:44:18:638 [INFO] MonitorServerStatus.ps1 Sending email ...
2019-05-10 03:47:20:278 [INFO] MonitorServerStatus.ps1 MonitorServerStatus.ps1
2019-05-10 03:47:20:278 [INFO] MonitorServerStatus.ps1 Server Name: IGBTS-006
2019-05-10 03:47:21:560 [INFO] MonitorServerStatus.ps1 Server Name: DELL-XPS
2019-05-10 03:47:24:606 [INFO] MonitorServerStatus.ps1 Server Name: OTRO
2019-05-10 03:47:26:856 [INFO] MonitorServerStatus.ps1 Server Name: IGBTS-006
2019-05-10 03:47:28:013 [INFO] MonitorServerStatus.ps1 Server Name: DELL-XPS
2019-05-10 03:47:28:606 [INFO] MonitorServerStatus.ps1 Sending email ...
2019-05-10 03:50:38:185 [INFO] MonitorServerStatus.ps1 MonitorServerStatus.ps1
2019-05-10 03:50:38:216 [INFO] MonitorServerStatus.ps1 Server Name: IGBTS-006
2019-05-10 03:50:39:560 [INFO] MonitorServerStatus.ps1 Server Name: DELL-XPS
2019-05-10 03:50:39:669 [INFO] MonitorServerStatus.ps1 Server Name: OTRO
2019-05-10 03:50:44:231 [INFO] MonitorServerStatus.ps1 Server Name: IGBTS-006
2019-05-10 03:50:45:403 [INFO] MonitorServerStatus.ps1 Server Name: DELL-XPS
2019-05-10 03:50:45:638 [INFO] MonitorServerStatus.ps1 Sending email ...
